<?xml version="1.0" encoding="UTF-8"?>
<testng-results ignored="0" total="1" passed="1" failed="0" skipped="0">
  <reporter-output>
  </reporter-output>
  <suite started-at="2021-11-18T17:44:15 CST" name="Default suite" finished-at="2021-11-18T17:44:17 CST" duration-ms="2671">
    <groups>
    </groups>
    <test started-at="2021-11-18T17:44:15 CST" name="Default test" finished-at="2021-11-18T17:44:17 CST" duration-ms="2671">
      <class name="com.testsuite.ecapi.ECCustomerTest">
        <test-method is-config="true" signature="initTestSuite()[pri:0, instance:com.testsuite.ecapi.ECCustomerTest@696f0212]" started-at="2021-11-18T17:44:15 CST" name="initTestSuite" finished-at="2021-11-18T17:44:15 CST" duration-ms="15" status="PASS">
          <reporter-output>
          </reporter-output>
        </test-method> <!-- initTestSuite -->
        <test-method is-config="true" signature="initAPI()[pri:0, instance:com.testsuite.ecapi.ECCustomerTest@696f0212]" started-at="2021-11-18T17:44:15 CST" name="initAPI" finished-at="2021-11-18T17:44:15 CST" duration-ms="1" status="PASS">
          <reporter-output>
          </reporter-output>
        </test-method> <!-- initAPI -->
        <test-method signature="login()[pri:0, instance:com.testsuite.ecapi.ECCustomerTest@696f0212]" started-at="2021-11-18T17:44:15 CST" name="login" finished-at="2021-11-18T17:44:17 CST" duration-ms="2633" status="PASS">
          <reporter-output>
          </reporter-output>
        </test-method> <!-- login -->
        <test-method is-config="true" signature="tearDown()[pri:0, instance:com.testsuite.ecapi.ECCustomerTest@696f0212]" started-at="2021-11-18T17:44:17 CST" name="tearDown" finished-at="2021-11-18T17:44:17 CST" duration-ms="0" status="PASS">
          <reporter-output>
          </reporter-output>
        </test-method> <!-- tearDown -->
      </class> <!-- com.testsuite.ecapi.ECCustomerTest -->
    </test> <!-- Default test -->
  </suite> <!-- Default suite -->
</testng-results>
